{
  "RSpec": {
    "coverage": {
      "/Users/meganarellano/turing/4module/projects/quantified-self-rails/app/models/food.rb": [
        1,
        1,
        null
      ],
      "/Users/meganarellano/turing/4module/projects/quantified-self-rails/app/models/meal_food.rb": [
        1,
        1,
        1,
        null
      ],
      "/Users/meganarellano/turing/4module/projects/quantified-self-rails/app/models/meal.rb": [
        1,
        1,
        1,
        null,
        1,
        null
      ],
      "/Users/meganarellano/turing/4module/projects/quantified-self-rails/app/controllers/api/v1/foods_controller.rb": [
        1,
        null,
        1,
        1,
        null,
        null,
        1,
        2,
        2,
        1,
        null,
        1,
        null,
        null,
        null,
        1,
        1,
        null,
        null,
        1,
        2,
        2,
        2,
        1,
        null,
        1,
        null,
        null,
        null,
        1,
        1,
        1,
        1,
        null,
        0,
        null,
        null,
        null,
        1,
        null,
        1,
        6,
        null,
        null,
        null
      ],
      "/Users/meganarellano/turing/4module/projects/quantified-self-rails/app/controllers/application_controller.rb": [
        1,
        null
      ],
      "/Users/meganarellano/turing/4module/projects/quantified-self-rails/app/serializers/food_serializer.rb": [
        1,
        1,
        null
      ],
      "/Users/meganarellano/turing/4module/projects/quantified-self-rails/app/controllers/api/v1/meals_controller.rb": [
        1,
        null,
        1,
        1,
        null,
        null,
        null
      ],
      "/Users/meganarellano/turing/4module/projects/quantified-self-rails/app/mailers/application_mailer.rb": [
        0,
        0,
        0,
        0
      ]
    },
    "timestamp": 1530126498
  }
}
